2018-06-15 17:44:07 [127.0.0.1][-][od054gv32m8fs0avelgskv7im7][error][yii\web\HttpException:404] exception 'yii\base\InvalidRouteException' with message 'Unable to resolve the request "img/progress.gif".' in D:\myamp\Apache24\htdocs\tpl_advanced\vendor\yiisoft\yii2\base\Module.php:532
Stack trace:
#0 D:\myamp\Apache24\htdocs\tpl_advanced\vendor\yiisoft\yii2\web\Application.php(102): yii\base\Module->runAction('img/progress.gi...', Array)
#1 D:\myamp\Apache24\htdocs\tpl_advanced\vendor\yiisoft\yii2\base\Application.php(380): yii\web\Application->handleRequest(Object(yii\web\Request))
#2 D:\myamp\Apache24\htdocs\tpl_advanced\backend\website\index.php(15): yii\base\Application->run()
#3 {main}

Next exception 'yii\web\NotFoundHttpException' with message '页面未找到。' in D:\myamp\Apache24\htdocs\tpl_advanced\vendor\yiisoft\yii2\web\Application.php:114
Stack trace:
#0 D:\myamp\Apache24\htdocs\tpl_advanced\vendor\yiisoft\yii2\base\Application.php(380): yii\web\Application->handleRequest(Object(yii\web\Request))
#1 D:\myamp\Apache24\htdocs\tpl_advanced\backend\website\index.php(15): yii\base\Application->run()
#2 {main}
2018-06-15 17:44:07 [127.0.0.1][-][od054gv32m8fs0avelgskv7im7][info][application] $_COOKIE = [
    '_backend' => 'od054gv32m8fs0avelgskv7im7'
    '_csrf-backend' => '5ef51cfb9de09e196c7147daede53cdb12be85c30e7109d6f380719361838245a:2:{i:0;s:13:\"_csrf-backend\";i:1;s:32:\"bNB0DWnty2B55f_q9D-gq3WWEidxJ26l\";}'
]

$_SESSION = [
    '__flash' => []
    '__returnUrl' => '/'
]

$_SERVER = [
    'REDIRECT_STATUS' => '200'
    'HTTP_HOST' => 'tpl-backend.liu.com'
    'HTTP_CONNECTION' => 'keep-alive'
    'HTTP_USER_AGENT' => 'Mozilla/5.0 (Windows NT 10.0; Win64; x64) AppleWebKit/537.36 (KHTML, like Gecko) Chrome/67.0.3396.87 Safari/537.36'
    'HTTP_ACCEPT' => 'image/webp,image/apng,image/*,*/*;q=0.8'
    'HTTP_REFERER' => 'http://tpl-backend.liu.com/styles/supersized.css'
    'HTTP_ACCEPT_ENCODING' => 'gzip, deflate'
    'HTTP_ACCEPT_LANGUAGE' => 'zh-CN,zh;q=0.9'
    'HTTP_COOKIE' => '_backend=od054gv32m8fs0avelgskv7im7; _csrf-backend=5ef51cfb9de09e196c7147daede53cdb12be85c30e7109d6f380719361838245a%3A2%3A%7Bi%3A0%3Bs%3A13%3A%22_csrf-backend%22%3Bi%3A1%3Bs%3A32%3A%22bNB0DWnty2B55f_q9D-gq3WWEidxJ26l%22%3B%7D'
    'PATH' => 'C:\\Program Files (x86)\\Common Files\\Oracle\\Java\\javapath;C:\\WINDOWS\\system32;C:\\WINDOWS;C:\\WINDOWS\\System32\\Wbem;C:\\WINDOWS\\System32\\WindowsPowerShell\\v1.0\\;C:\\Program Files\\ThinkPad\\Bluetooth Software\\;C:\\Program Files\\ThinkPad\\Bluetooth Software\\syswow64;D:\\myamp\\php;D:\\myamp\\mysql\\bin;C:\\ProgramData\\ComposerSetup\\bin;d:\\Program Files\\Git\\cmd;C:\\Program Files\\TortoiseSVN\\bin;e:\\Program Files (x86)\\Microsoft SQL Server\\100\\Tools\\Binn\\;e:\\Program Files\\Microsoft SQL Server\\100\\Tools\\Binn\\;e:\\Program Files\\Microsoft SQL Server\\100\\DTS\\Binn\\;e:\\Program Files (x86)\\Microsoft SQL Server\\100\\Tools\\Binn\\VSShell\\Common7\\IDE\\;e:\\Program Files (x86)\\Microsoft SQL Server\\100\\DTS\\Binn\\;C:\\WINDOWS\\system32\\config\\systemprofile\\.dnx\\bin;C:\\Program Files\\Microsoft DNX\\Dnvm\\;C:\\Program Files\\Microsoft SQL Server\\130\\Tools\\Binn\\;C:\\WINDOWS\\System32\\OpenSSH\\;C:\\WINDOWS\\system32\\config\\systemprofile\\AppData\\Local\\Microsoft\\WindowsApps'
    'SystemRoot' => 'C:\\WINDOWS'
    'COMSPEC' => 'C:\\WINDOWS\\system32\\cmd.exe'
    'PATHEXT' => '.COM;.EXE;.BAT;.CMD;.VBS;.VBE;.JS;.JSE;.WSF;.WSH;.MSC'
    'WINDIR' => 'C:\\WINDOWS'
    'SERVER_SIGNATURE' => ''
    'SERVER_SOFTWARE' => 'Apache/2.4.25 (Win64) PHP/5.6.30 OpenSSL/1.0.2k'
    'SERVER_NAME' => 'tpl-backend.liu.com'
    'SERVER_ADDR' => '127.0.0.1'
    'SERVER_PORT' => '80'
    'REMOTE_ADDR' => '127.0.0.1'
    'DOCUMENT_ROOT' => 'D:/myamp/Apache24/htdocs/tpl_advanced/backend/website'
    'REQUEST_SCHEME' => 'http'
    'CONTEXT_PREFIX' => ''
    'CONTEXT_DOCUMENT_ROOT' => 'D:/myamp/Apache24/htdocs/tpl_advanced/backend/website'
    'SERVER_ADMIN' => 'admin@example.com'
    'SCRIPT_FILENAME' => 'D:/myamp/Apache24/htdocs/tpl_advanced/backend/website/index.php'
    'REMOTE_PORT' => '53627'
    'REDIRECT_URL' => '/img/progress.gif'
    'GATEWAY_INTERFACE' => 'CGI/1.1'
    'SERVER_PROTOCOL' => 'HTTP/1.1'
    'REQUEST_METHOD' => 'GET'
    'QUERY_STRING' => ''
    'REQUEST_URI' => '/img/progress.gif'
    'SCRIPT_NAME' => '/index.php'
    'PHP_SELF' => '/index.php'
    'REQUEST_TIME_FLOAT' => 1529055847.794
    'REQUEST_TIME' => 1529055847
]
